{"/Users/tomohiro/workspace/js/nodejs/jest-test/src/add.js": {"path":"/Users/tomohiro/workspace/js/nodejs/jest-test/src/add.js","statementMap":{"0":{"start":{"line":1,"column":0},"end":{"line":1,"column":32}},"1":{"start":{"line":1,"column":27},"end":{"line":1,"column":32}}},"fnMap":{"0":{"name":"(anonymous_0)","decl":{"start":{"line":1,"column":17},"end":{"line":1,"column":18}},"loc":{"start":{"line":1,"column":27},"end":{"line":1,"column":32}},"line":1}},"branchMap":{},"s":{"0":1,"1":1},"f":{"0":1},"b":{},"_coverageSchema":"332fd63041d2c1bcb487cc26dd0d5f7d97098a6c","hash":"cef0d1bb208cf40fecababe9f65b9a6abf2261ce"}
,"/Users/tomohiro/workspace/js/nodejs/jest-test/src/calc.js": {"path":"/Users/tomohiro/workspace/js/nodejs/jest-test/src/calc.js","statementMap":{"0":{"start":{"line":1,"column":12},"end":{"line":1,"column":28}},"1":{"start":{"line":2,"column":14},"end":{"line":2,"column":32}},"2":{"start":{"line":4,"column":18},"end":{"line":7,"column":1}},"3":{"start":{"line":9,"column":0},"end":{"line":12,"column":1}},"4":{"start":{"line":10,"column":15},"end":{"line":10,"column":34}},"5":{"start":{"line":11,"column":4},"end":{"line":11,"column":19}}},"fnMap":{"0":{"name":"(anonymous_0)","decl":{"start":{"line":9,"column":17},"end":{"line":9,"column":18}},"loc":{"start":{"line":9,"column":37},"end":{"line":12,"column":1}},"line":9}},"branchMap":{},"s":{"0":2,"1":2,"2":2,"3":2,"4":2,"5":2},"f":{"0":2},"b":{},"_coverageSchema":"332fd63041d2c1bcb487cc26dd0d5f7d97098a6c","hash":"700d9ba65a8b3c0c6516b52703206200e3a1a2f7"}
,"/Users/tomohiro/workspace/js/nodejs/jest-test/src/minus.js": {"path":"/Users/tomohiro/workspace/js/nodejs/jest-test/src/minus.js","statementMap":{"0":{"start":{"line":1,"column":0},"end":{"line":1,"column":32}},"1":{"start":{"line":1,"column":27},"end":{"line":1,"column":32}}},"fnMap":{"0":{"name":"(anonymous_0)","decl":{"start":{"line":1,"column":17},"end":{"line":1,"column":18}},"loc":{"start":{"line":1,"column":27},"end":{"line":1,"column":32}},"line":1}},"branchMap":{},"s":{"0":2,"1":0},"f":{"0":0},"b":{},"_coverageSchema":"332fd63041d2c1bcb487cc26dd0d5f7d97098a6c","hash":"60eb2a716c7712f783d853a5c4785a388561a278"}
,"/Users/tomohiro/workspace/js/nodejs/jest-test/src/util/index.js": {"path":"/Users/tomohiro/workspace/js/nodejs/jest-test/src/util/index.js","statementMap":{"0":{"start":{"line":1,"column":0},"end":{"line":null,"column":-1}},"1":{"start":{"line":1,"column":23},"end":{"line":1,"column":0}}},"fnMap":{"0":{"name":"(anonymous_0)","decl":{"start":{"line":1,"column":17},"end":{"line":1,"column":22}},"loc":{"start":{"line":1,"column":23},"end":{"line":1,"column":0}}}},"branchMap":{},"s":{"0":0,"1":0},"f":{"0":0},"b":{}}
,"/Users/tomohiro/workspace/js/nodejs/jest-test/src/util/util2/util3/index.js": {"path":"/Users/tomohiro/workspace/js/nodejs/jest-test/src/util/util2/util3/index.js","statementMap":{"0":{"start":{"line":1,"column":0},"end":{"line":null,"column":-1}},"1":{"start":{"line":1,"column":23},"end":{"line":1,"column":0}}},"fnMap":{"0":{"name":"(anonymous_0)","decl":{"start":{"line":1,"column":17},"end":{"line":1,"column":22}},"loc":{"start":{"line":1,"column":23},"end":{"line":1,"column":0}}}},"branchMap":{},"s":{"0":0,"1":0},"f":{"0":0},"b":{}}
}
